android/app/build/intermediates/manifest_merge_blame_file/debug/processDebugMainManifest/manifest-merger-blame-debug-report.txt
1<?xml version="1.0" encoding="utf-8"?>
2<manifest xmlns:android="http://schemas.android.com/apk/res/android"
3    package="com.nexusmatch.app"
4    android:versionCode="1"
5    android:versionName="1.0" >
6
7    <uses-sdk
8        android:minSdkVersion="23"
9        android:targetSdkVersion="35" />
10
11    <!-- Permissions -->
12
13    <uses-permission android:name="android.permission.INTERNET" />
13-->src\main\AndroidManifest.xml:44:5-67
13-->src\main\AndroidManifest.xml:44:22-64
14    <uses-permission android:name="android.permission.ACCESS_NETWORK_STATE" />
14-->[:capacitor-community-admob] AndroidManifest.xml:7:5-79
14-->[:capacitor-community-admob] AndroidManifest.xml:7:22-76
15    <uses-permission android:name="android.permission.WAKE_LOCK" />
15-->[com.google.android.gms:play-services-measurement-api:21.6.1] AndroidManifest.xml:24:5-68
15-->[com.google.android.gms:play-services-measurement-api:21.6.1] AndroidManifest.xml:24:22-65
16    <uses-permission android:name="com.google.android.gms.permission.AD_ID" />
16-->[com.google.android.gms:play-services-measurement-api:21.6.1] AndroidManifest.xml:25:5-79
16-->[com.google.android.gms:play-services-measurement-api:21.6.1] AndroidManifest.xml:25:22-76
17    <uses-permission android:name="android.permission.ACCESS_ADSERVICES_ATTRIBUTION" />
17-->[com.google.android.gms:play-services-measurement-api:21.6.1] AndroidManifest.xml:26:5-88
17-->[com.google.android.gms:play-services-measurement-api:21.6.1] AndroidManifest.xml:26:22-85
18    <uses-permission android:name="android.permission.ACCESS_ADSERVICES_AD_ID" />
18-->[com.google.android.gms:play-services-measurement-api:21.6.1] AndroidManifest.xml:27:5-82
18-->[com.google.android.gms:play-services-measurement-api:21.6.1] AndroidManifest.xml:27:22-79
19    <uses-permission android:name="com.google.android.finsky.permission.BIND_GET_INSTALL_REFERRER_SERVICE" />
19-->[com.google.android.gms:play-services-measurement:21.6.1] AndroidManifest.xml:26:5-110
19-->[com.google.android.gms:play-services-measurement:21.6.1] AndroidManifest.xml:26:22-107
20    <uses-permission android:name="com.google.android.providers.gsf.permission.READ_GSERVICES" />
20-->[com.google.android.recaptcha:recaptcha:18.4.0] AndroidManifest.xml:9:5-98
20-->[com.google.android.recaptcha:recaptcha:18.4.0] AndroidManifest.xml:9:22-95
21    <uses-permission android:name="android.permission.ACCESS_ADSERVICES_TOPICS" /> <!-- Android package visibility setting -->
21-->[com.google.android.gms:play-services-ads-api:24.7.0] AndroidManifest.xml:29:5-83
21-->[com.google.android.gms:play-services-ads-api:24.7.0] AndroidManifest.xml:29:22-80
22    <queries>
22-->[com.google.android.gms:play-services-ads-api:24.7.0] AndroidManifest.xml:35:5-68:15
23
24        <!-- For browser content -->
25        <intent>
25-->[com.google.android.gms:play-services-ads-api:24.7.0] AndroidManifest.xml:38:9-44:18
26            <action android:name="android.intent.action.VIEW" />
26-->[com.google.firebase:firebase-auth:22.3.1] AndroidManifest.xml:36:17-69
26-->[com.google.firebase:firebase-auth:22.3.1] AndroidManifest.xml:36:25-66
27
28            <category android:name="android.intent.category.BROWSABLE" />
28-->[com.google.firebase:firebase-auth:22.3.1] AndroidManifest.xml:39:17-78
28-->[com.google.firebase:firebase-auth:22.3.1] AndroidManifest.xml:39:27-75
29
30            <data android:scheme="https" />
30-->[com.google.firebase:firebase-auth:22.3.1] AndroidManifest.xml:41:17-44:51
30-->[com.google.firebase:firebase-auth:22.3.1] AndroidManifest.xml:44:21-48
31        </intent>
32        <!-- End of browser content -->
33        <!-- For CustomTabsService -->
34        <intent>
34-->[com.google.android.gms:play-services-ads-api:24.7.0] AndroidManifest.xml:47:9-49:18
35            <action android:name="android.support.customtabs.action.CustomTabsService" />
35-->[com.google.android.gms:play-services-ads-api:24.7.0] AndroidManifest.xml:48:13-90
35-->[com.google.android.gms:play-services-ads-api:24.7.0] AndroidManifest.xml:48:21-87
36        </intent>
37        <!-- End of CustomTabsService -->
38        <!-- For MRAID capabilities -->
39        <intent>
39-->[com.google.android.gms:play-services-ads-api:24.7.0] AndroidManifest.xml:52:9-56:18
40            <action android:name="android.intent.action.INSERT" />
40-->[com.google.android.gms:play-services-ads-api:24.7.0] AndroidManifest.xml:53:13-67
40-->[com.google.android.gms:play-services-ads-api:24.7.0] AndroidManifest.xml:53:21-64
41
42            <data android:mimeType="vnd.android.cursor.dir/event" />
42-->[com.google.firebase:firebase-auth:22.3.1] AndroidManifest.xml:41:17-44:51
43        </intent>
44        <intent>
44-->[com.google.android.gms:play-services-ads-api:24.7.0] AndroidManifest.xml:57:9-61:18
45            <action android:name="android.intent.action.VIEW" />
45-->[com.google.firebase:firebase-auth:22.3.1] AndroidManifest.xml:36:17-69
45-->[com.google.firebase:firebase-auth:22.3.1] AndroidManifest.xml:36:25-66
46
47            <data android:scheme="sms" />
47-->[com.google.firebase:firebase-auth:22.3.1] AndroidManifest.xml:41:17-44:51
47-->[com.google.firebase:firebase-auth:22.3.1] AndroidManifest.xml:44:21-48
48        </intent>
49        <intent>
49-->[com.google.android.gms:play-services-ads-api:24.7.0] AndroidManifest.xml:62:9-66:18
50            <action android:name="android.intent.action.DIAL" />
50-->[com.google.android.gms:play-services-ads-api:24.7.0] AndroidManifest.xml:63:13-65
50-->[com.google.android.gms:play-services-ads-api:24.7.0] AndroidManifest.xml:63:21-62
51
52            <data android:path="tel:" />
52-->[com.google.firebase:firebase-auth:22.3.1] AndroidManifest.xml:41:17-44:51
52-->[com.google.firebase:firebase-auth:22.3.1] AndroidManifest.xml:43:21-37
53        </intent>
54        <!-- End of MRAID capabilities -->
55    </queries>
56
57    <uses-permission android:name="android.permission.FOREGROUND_SERVICE" />
57-->[androidx.work:work-runtime:2.7.0] AndroidManifest.xml:28:5-77
57-->[androidx.work:work-runtime:2.7.0] AndroidManifest.xml:28:22-74
58
59    <permission
59-->[androidx.core:core:1.15.0] AndroidManifest.xml:22:5-24:47
60        android:name="com.nexusmatch.app.DYNAMIC_RECEIVER_NOT_EXPORTED_PERMISSION"
60-->[androidx.core:core:1.15.0] AndroidManifest.xml:23:9-81
61        android:protectionLevel="signature" />
61-->[androidx.core:core:1.15.0] AndroidManifest.xml:24:9-44
62
63    <uses-permission android:name="com.nexusmatch.app.DYNAMIC_RECEIVER_NOT_EXPORTED_PERMISSION" />
63-->[androidx.core:core:1.15.0] AndroidManifest.xml:26:5-97
63-->[androidx.core:core:1.15.0] AndroidManifest.xml:26:22-94
64
65    <application
65-->src\main\AndroidManifest.xml:4:5-40:19
66        android:allowBackup="true"
66-->src\main\AndroidManifest.xml:5:9-35
67        android:appComponentFactory="androidx.core.app.CoreComponentFactory"
67-->[androidx.core:core:1.15.0] AndroidManifest.xml:28:18-86
68        android:debuggable="true"
69        android:extractNativeLibs="false"
70        android:icon="@mipmap/ic_launcher"
70-->src\main\AndroidManifest.xml:6:9-43
71        android:label="@string/app_name"
71-->src\main\AndroidManifest.xml:7:9-41
72        android:roundIcon="@mipmap/ic_launcher_round"
72-->src\main\AndroidManifest.xml:8:9-54
73        android:supportsRtl="true"
73-->src\main\AndroidManifest.xml:9:9-35
74        android:testOnly="true"
75        android:theme="@style/AppTheme" >
75-->src\main\AndroidManifest.xml:10:9-40
76        <meta-data
76-->src\main\AndroidManifest.xml:12:9-14:72
77            android:name="com.google.android.gms.ads.APPLICATION_ID"
77-->src\main\AndroidManifest.xml:13:16-72
78            android:value="ca-app-pub-3940256099942544~3347511713" />
78-->src\main\AndroidManifest.xml:14:16-70
79
80        <activity
80-->src\main\AndroidManifest.xml:16:9-29:20
81            android:name="com.nexusmatch.app.MainActivity"
81-->src\main\AndroidManifest.xml:18:13-41
82            android:configChanges="orientation|keyboardHidden|keyboard|screenSize|locale|smallestScreenSize|screenLayout|uiMode|navigation"
82-->src\main\AndroidManifest.xml:17:13-140
83            android:exported="true"
83-->src\main\AndroidManifest.xml:22:13-36
84            android:label="@string/title_activity_main"
84-->src\main\AndroidManifest.xml:19:13-56
85            android:launchMode="singleTask"
85-->src\main\AndroidManifest.xml:21:13-44
86            android:theme="@style/AppTheme.NoActionBarLaunch" >
86-->src\main\AndroidManifest.xml:20:13-62
87            <intent-filter>
87-->src\main\AndroidManifest.xml:24:13-27:29
88                <action android:name="android.intent.action.MAIN" />
88-->src\main\AndroidManifest.xml:25:17-69
88-->src\main\AndroidManifest.xml:25:25-66
89
90                <category android:name="android.intent.category.LAUNCHER" />
90-->src\main\AndroidManifest.xml:26:17-77
90-->src\main\AndroidManifest.xml:26:27-74
91            </intent-filter>
92        </activity>
93
94        <provider
95            android:name="androidx.core.content.FileProvider"
95-->src\main\AndroidManifest.xml:32:13-62
96            android:authorities="com.nexusmatch.app.fileprovider"
96-->src\main\AndroidManifest.xml:33:13-64
97            android:exported="false"
97-->src\main\AndroidManifest.xml:34:13-37
98            android:grantUriPermissions="true" >
98-->src\main\AndroidManifest.xml:35:13-47
99            <meta-data
99-->src\main\AndroidManifest.xml:36:13-38:64
100                android:name="android.support.FILE_PROVIDER_PATHS"
100-->src\main\AndroidManifest.xml:37:17-67
101                android:resource="@xml/file_paths" />
101-->src\main\AndroidManifest.xml:38:17-51
102        </provider>
103
104        <activity
104-->[com.google.firebase:firebase-auth:22.3.1] AndroidManifest.xml:29:9-46:20
105            android:name="com.google.firebase.auth.internal.GenericIdpActivity"
105-->[com.google.firebase:firebase-auth:22.3.1] AndroidManifest.xml:30:13-80
106            android:excludeFromRecents="true"
106-->[com.google.firebase:firebase-auth:22.3.1] AndroidManifest.xml:31:13-46
107            android:exported="true"
107-->[com.google.firebase:firebase-auth:22.3.1] AndroidManifest.xml:32:13-36
108            android:launchMode="singleTask"
108-->[com.google.firebase:firebase-auth:22.3.1] AndroidManifest.xml:33:13-44
109            android:theme="@android:style/Theme.Translucent.NoTitleBar" >
109-->[com.google.firebase:firebase-auth:22.3.1] AndroidManifest.xml:34:13-72
110            <intent-filter>
110-->[com.google.firebase:firebase-auth:22.3.1] AndroidManifest.xml:35:13-45:29
111                <action android:name="android.intent.action.VIEW" />
111-->[com.google.firebase:firebase-auth:22.3.1] AndroidManifest.xml:36:17-69
111-->[com.google.firebase:firebase-auth:22.3.1] AndroidManifest.xml:36:25-66
112
113                <category android:name="android.intent.category.DEFAULT" />
113-->[com.google.firebase:firebase-auth:22.3.1] AndroidManifest.xml:38:17-76
113-->[com.google.firebase:firebase-auth:22.3.1] AndroidManifest.xml:38:27-73
114                <category android:name="android.intent.category.BROWSABLE" />
114-->[com.google.firebase:firebase-auth:22.3.1] AndroidManifest.xml:39:17-78
114-->[com.google.firebase:firebase-auth:22.3.1] AndroidManifest.xml:39:27-75
115
116                <data
116-->[com.google.firebase:firebase-auth:22.3.1] AndroidManifest.xml:41:17-44:51
117                    android:host="firebase.auth"
117-->[com.google.firebase:firebase-auth:22.3.1] AndroidManifest.xml:42:21-49
118                    android:path="/"
118-->[com.google.firebase:firebase-auth:22.3.1] AndroidManifest.xml:43:21-37
119                    android:scheme="genericidp" />
119-->[com.google.firebase:firebase-auth:22.3.1] AndroidManifest.xml:44:21-48
120            </intent-filter>
121        </activity>
122        <activity
122-->[com.google.firebase:firebase-auth:22.3.1] AndroidManifest.xml:47:9-64:20
123            android:name="com.google.firebase.auth.internal.RecaptchaActivity"
123-->[com.google.firebase:firebase-auth:22.3.1] AndroidManifest.xml:48:13-79
124            android:excludeFromRecents="true"
124-->[com.google.firebase:firebase-auth:22.3.1] AndroidManifest.xml:49:13-46
125            android:exported="true"
125-->[com.google.firebase:firebase-auth:22.3.1] AndroidManifest.xml:50:13-36
126            android:launchMode="singleTask"
126-->[com.google.firebase:firebase-auth:22.3.1] AndroidManifest.xml:51:13-44
127            android:theme="@android:style/Theme.Translucent.NoTitleBar" >
127-->[com.google.firebase:firebase-auth:22.3.1] AndroidManifest.xml:52:13-72
128            <intent-filter>
128-->[com.google.firebase:firebase-auth:22.3.1] AndroidManifest.xml:53:13-63:29
129                <action android:name="android.intent.action.VIEW" />
129-->[com.google.firebase:firebase-auth:22.3.1] AndroidManifest.xml:36:17-69
129-->[com.google.firebase:firebase-auth:22.3.1] AndroidManifest.xml:36:25-66
130
131                <category android:name="android.intent.category.DEFAULT" />
131-->[com.google.firebase:firebase-auth:22.3.1] AndroidManifest.xml:38:17-76
131-->[com.google.firebase:firebase-auth:22.3.1] AndroidManifest.xml:38:27-73
132                <category android:name="android.intent.category.BROWSABLE" />
132-->[com.google.firebase:firebase-auth:22.3.1] AndroidManifest.xml:39:17-78
132-->[com.google.firebase:firebase-auth:22.3.1] AndroidManifest.xml:39:27-75
133
134                <data
134-->[com.google.firebase:firebase-auth:22.3.1] AndroidManifest.xml:41:17-44:51
135                    android:host="firebase.auth"
135-->[com.google.firebase:firebase-auth:22.3.1] AndroidManifest.xml:42:21-49
136                    android:path="/"
136-->[com.google.firebase:firebase-auth:22.3.1] AndroidManifest.xml:43:21-37
137                    android:scheme="recaptcha" />
137-->[com.google.firebase:firebase-auth:22.3.1] AndroidManifest.xml:44:21-48
138            </intent-filter>
139        </activity>
140
141        <service
141-->[com.google.firebase:firebase-auth:22.3.1] AndroidManifest.xml:66:9-72:19
142            android:name="com.google.firebase.components.ComponentDiscoveryService"
142-->[com.google.firebase:firebase-auth:22.3.1] AndroidManifest.xml:67:13-84
143            android:directBootAware="true"
143-->[com.google.firebase:firebase-common:20.4.3] AndroidManifest.xml:32:13-43
144            android:exported="false" >
144-->[com.google.firebase:firebase-auth:22.3.1] AndroidManifest.xml:68:13-37
145            <meta-data
145-->[com.google.firebase:firebase-auth:22.3.1] AndroidManifest.xml:69:13-71:85
146                android:name="com.google.firebase.components:com.google.firebase.auth.FirebaseAuthRegistrar"
146-->[com.google.firebase:firebase-auth:22.3.1] AndroidManifest.xml:70:17-109
147                android:value="com.google.firebase.components.ComponentRegistrar" />
147-->[com.google.firebase:firebase-auth:22.3.1] AndroidManifest.xml:71:17-82
148            <meta-data
148-->[com.google.android.gms:play-services-measurement-api:21.6.1] AndroidManifest.xml:37:13-39:85
149                android:name="com.google.firebase.components:com.google.firebase.analytics.connector.internal.AnalyticsConnectorRegistrar"
149-->[com.google.android.gms:play-services-measurement-api:21.6.1] AndroidManifest.xml:38:17-139
150                android:value="com.google.firebase.components.ComponentRegistrar" />
150-->[com.google.android.gms:play-services-measurement-api:21.6.1] AndroidManifest.xml:39:17-82
151            <meta-data
151-->[com.google.firebase:firebase-installations:17.2.0] AndroidManifest.xml:15:13-17:85
152                android:name="com.google.firebase.components:com.google.firebase.installations.FirebaseInstallationsKtxRegistrar"
152-->[com.google.firebase:firebase-installations:17.2.0] AndroidManifest.xml:16:17-130
153                android:value="com.google.firebase.components.ComponentRegistrar" />
153-->[com.google.firebase:firebase-installations:17.2.0] AndroidManifest.xml:17:17-82
154            <meta-data
154-->[com.google.firebase:firebase-installations:17.2.0] AndroidManifest.xml:18:13-20:85
155                android:name="com.google.firebase.components:com.google.firebase.installations.FirebaseInstallationsRegistrar"
155-->[com.google.firebase:firebase-installations:17.2.0] AndroidManifest.xml:19:17-127
156                android:value="com.google.firebase.components.ComponentRegistrar" />
156-->[com.google.firebase:firebase-installations:17.2.0] AndroidManifest.xml:20:17-82
157            <meta-data
157-->[com.google.firebase:firebase-common-ktx:20.4.3] AndroidManifest.xml:12:13-14:85
158                android:name="com.google.firebase.components:com.google.firebase.ktx.FirebaseCommonLegacyRegistrar"
158-->[com.google.firebase:firebase-common-ktx:20.4.3] AndroidManifest.xml:13:17-116
159                android:value="com.google.firebase.components.ComponentRegistrar" />
159-->[com.google.firebase:firebase-common-ktx:20.4.3] AndroidManifest.xml:14:17-82
160            <meta-data
160-->[com.google.firebase:firebase-common:20.4.3] AndroidManifest.xml:35:13-37:85
161                android:name="com.google.firebase.components:com.google.firebase.FirebaseCommonKtxRegistrar"
161-->[com.google.firebase:firebase-common:20.4.3] AndroidManifest.xml:36:17-109
162                android:value="com.google.firebase.components.ComponentRegistrar" />
162-->[com.google.firebase:firebase-common:20.4.3] AndroidManifest.xml:37:17-82
163        </service>
164        <service
164-->[androidx.credentials:credentials-play-services-auth:1.2.0-rc01] AndroidManifest.xml:24:9-32:19
165            android:name="androidx.credentials.playservices.CredentialProviderMetadataHolder"
165-->[androidx.credentials:credentials-play-services-auth:1.2.0-rc01] AndroidManifest.xml:25:13-94
166            android:enabled="true"
166-->[androidx.credentials:credentials-play-services-auth:1.2.0-rc01] AndroidManifest.xml:26:13-35
167            android:exported="false" >
167-->[androidx.credentials:credentials-play-services-auth:1.2.0-rc01] AndroidManifest.xml:27:13-37
168            <meta-data
168-->[androidx.credentials:credentials-play-services-auth:1.2.0-rc01] AndroidManifest.xml:29:13-31:104
169                android:name="androidx.credentials.CREDENTIAL_PROVIDER_KEY"
169-->[androidx.credentials:credentials-play-services-auth:1.2.0-rc01] AndroidManifest.xml:30:17-76
170                android:value="androidx.credentials.playservices.CredentialProviderPlayServicesImpl" />
170-->[androidx.credentials:credentials-play-services-auth:1.2.0-rc01] AndroidManifest.xml:31:17-101
171        </service>
172
173        <activity
173-->[androidx.credentials:credentials-play-services-auth:1.2.0-rc01] AndroidManifest.xml:34:9-41:20
174            android:name="androidx.credentials.playservices.HiddenActivity"
174-->[androidx.credentials:credentials-play-services-auth:1.2.0-rc01] AndroidManifest.xml:35:13-76
175            android:configChanges="orientation|screenSize|screenLayout|keyboardHidden"
175-->[androidx.credentials:credentials-play-services-auth:1.2.0-rc01] AndroidManifest.xml:36:13-87
176            android:enabled="true"
176-->[androidx.credentials:credentials-play-services-auth:1.2.0-rc01] AndroidManifest.xml:37:13-35
177            android:exported="false"
177-->[androidx.credentials:credentials-play-services-auth:1.2.0-rc01] AndroidManifest.xml:38:13-37
178            android:fitsSystemWindows="true"
178-->[androidx.credentials:credentials-play-services-auth:1.2.0-rc01] AndroidManifest.xml:39:13-45
179            android:theme="@style/Theme.Hidden" >
179-->[androidx.credentials:credentials-play-services-auth:1.2.0-rc01] AndroidManifest.xml:40:13-48
180        </activity>
181        <activity
181-->[com.google.android.gms:play-services-auth:21.0.0] AndroidManifest.xml:23:9-27:75
182            android:name="com.google.android.gms.auth.api.signin.internal.SignInHubActivity"
182-->[com.google.android.gms:play-services-auth:21.0.0] AndroidManifest.xml:24:13-93
183            android:excludeFromRecents="true"
183-->[com.google.android.gms:play-services-auth:21.0.0] AndroidManifest.xml:25:13-46
184            android:exported="false"
184-->[com.google.android.gms:play-services-auth:21.0.0] AndroidManifest.xml:26:13-37
185            android:theme="@android:style/Theme.Translucent.NoTitleBar" />
185-->[com.google.android.gms:play-services-auth:21.0.0] AndroidManifest.xml:27:13-72
186        <!--
187            Service handling Google Sign-In user revocation. For apps that do not integrate with
188            Google Sign-In, this service will never be started.
189        -->
190        <service
190-->[com.google.android.gms:play-services-auth:21.0.0] AndroidManifest.xml:33:9-37:51
191            android:name="com.google.android.gms.auth.api.signin.RevocationBoundService"
191-->[com.google.android.gms:play-services-auth:21.0.0] AndroidManifest.xml:34:13-89
192            android:exported="true"
192-->[com.google.android.gms:play-services-auth:21.0.0] AndroidManifest.xml:35:13-36
193            android:permission="com.google.android.gms.auth.api.signin.permission.REVOCATION_NOTIFICATION"
193-->[com.google.android.gms:play-services-auth:21.0.0] AndroidManifest.xml:36:13-107
194            android:visibleToInstantApps="true" />
194-->[com.google.android.gms:play-services-auth:21.0.0] AndroidManifest.xml:37:13-48
195
196        <property
196-->[com.google.android.gms:play-services-measurement-api:21.6.1] AndroidManifest.xml:30:9-32:61
197            android:name="android.adservices.AD_SERVICES_CONFIG"
197-->[com.google.android.gms:play-services-measurement-api:21.6.1] AndroidManifest.xml:31:13-65
198            android:resource="@xml/ga_ad_services_config" />
198-->[com.google.android.gms:play-services-measurement-api:21.6.1] AndroidManifest.xml:32:13-58
199
200        <provider
200-->[com.google.firebase:firebase-common:20.4.3] AndroidManifest.xml:23:9-28:39
201            android:name="com.google.firebase.provider.FirebaseInitProvider"
201-->[com.google.firebase:firebase-common:20.4.3] AndroidManifest.xml:24:13-77
202            android:authorities="com.nexusmatch.app.firebaseinitprovider"
202-->[com.google.firebase:firebase-common:20.4.3] AndroidManifest.xml:25:13-72
203            android:directBootAware="true"
203-->[com.google.firebase:firebase-common:20.4.3] AndroidManifest.xml:26:13-43
204            android:exported="false"
204-->[com.google.firebase:firebase-common:20.4.3] AndroidManifest.xml:27:13-37
205            android:initOrder="100" />
205-->[com.google.firebase:firebase-common:20.4.3] AndroidManifest.xml:28:13-36
206
207        <activity
207-->[com.google.android.gms:play-services-base:18.0.1] AndroidManifest.xml:20:9-22:45
208            android:name="com.google.android.gms.common.api.GoogleApiActivity"
208-->[com.google.android.gms:play-services-base:18.0.1] AndroidManifest.xml:20:19-85
209            android:exported="false"
209-->[com.google.android.gms:play-services-base:18.0.1] AndroidManifest.xml:22:19-43
210            android:theme="@android:style/Theme.Translucent.NoTitleBar" />
210-->[com.google.android.gms:play-services-base:18.0.1] AndroidManifest.xml:21:19-78
211
212        <receiver
212-->[com.google.android.gms:play-services-measurement:21.6.1] AndroidManifest.xml:29:9-33:20
213            android:name="com.google.android.gms.measurement.AppMeasurementReceiver"
213-->[com.google.android.gms:play-services-measurement:21.6.1] AndroidManifest.xml:30:13-85
214            android:enabled="true"
214-->[com.google.android.gms:play-services-measurement:21.6.1] AndroidManifest.xml:31:13-35
215            android:exported="false" >
215-->[com.google.android.gms:play-services-measurement:21.6.1] AndroidManifest.xml:32:13-37
216        </receiver>
217
218        <service
218-->[com.google.android.gms:play-services-measurement:21.6.1] AndroidManifest.xml:35:9-38:40
219            android:name="com.google.android.gms.measurement.AppMeasurementService"
219-->[com.google.android.gms:play-services-measurement:21.6.1] AndroidManifest.xml:36:13-84
220            android:enabled="true"
220-->[com.google.android.gms:play-services-measurement:21.6.1] AndroidManifest.xml:37:13-35
221            android:exported="false" />
221-->[com.google.android.gms:play-services-measurement:21.6.1] AndroidManifest.xml:38:13-37
222        <service
222-->[com.google.android.gms:play-services-measurement:21.6.1] AndroidManifest.xml:39:9-43:72
223            android:name="com.google.android.gms.measurement.AppMeasurementJobService"
223-->[com.google.android.gms:play-services-measurement:21.6.1] AndroidManifest.xml:40:13-87
224            android:enabled="true"
224-->[com.google.android.gms:play-services-measurement:21.6.1] AndroidManifest.xml:41:13-35
225            android:exported="false"
225-->[com.google.android.gms:play-services-measurement:21.6.1] AndroidManifest.xml:42:13-37
226            android:permission="android.permission.BIND_JOB_SERVICE" /> <!-- Include the AdActivity and InAppPurchaseActivity configChanges and themes. -->
226-->[com.google.android.gms:play-services-measurement:21.6.1] AndroidManifest.xml:43:13-69
227        <activity
227-->[com.google.android.gms:play-services-ads-api:24.7.0] AndroidManifest.xml:73:9-79:43
228            android:name="com.google.android.gms.ads.AdActivity"
228-->[com.google.android.gms:play-services-ads-api:24.7.0] AndroidManifest.xml:74:13-65
229            android:configChanges="keyboard|keyboardHidden|orientation|screenLayout|uiMode|screenSize|smallestScreenSize"
229-->[com.google.android.gms:play-services-ads-api:24.7.0] AndroidManifest.xml:75:13-122
230            android:enableOnBackInvokedCallback="false"
230-->[com.google.android.gms:play-services-ads-api:24.7.0] AndroidManifest.xml:76:13-56
231            android:exported="false"
231-->[com.google.android.gms:play-services-ads-api:24.7.0] AndroidManifest.xml:77:13-37
232            android:theme="@android:style/Theme.Translucent" />
232-->[com.google.android.gms:play-services-ads-api:24.7.0] AndroidManifest.xml:78:13-61
233
234        <provider
234-->[com.google.android.gms:play-services-ads-api:24.7.0] AndroidManifest.xml:81:9-86:43
235            android:name="com.google.android.gms.ads.MobileAdsInitProvider"
235-->[com.google.android.gms:play-services-ads-api:24.7.0] AndroidManifest.xml:82:13-76
236            android:authorities="com.nexusmatch.app.mobileadsinitprovider"
236-->[com.google.android.gms:play-services-ads-api:24.7.0] AndroidManifest.xml:83:13-73
237            android:exported="false"
237-->[com.google.android.gms:play-services-ads-api:24.7.0] AndroidManifest.xml:84:13-37
238            android:initOrder="100" />
238-->[com.google.android.gms:play-services-ads-api:24.7.0] AndroidManifest.xml:85:13-36
239
240        <service
240-->[com.google.android.gms:play-services-ads-api:24.7.0] AndroidManifest.xml:88:9-92:43
241            android:name="com.google.android.gms.ads.AdService"
241-->[com.google.android.gms:play-services-ads-api:24.7.0] AndroidManifest.xml:89:13-64
242            android:enabled="true"
242-->[com.google.android.gms:play-services-ads-api:24.7.0] AndroidManifest.xml:90:13-35
243            android:exported="false" />
243-->[com.google.android.gms:play-services-ads-api:24.7.0] AndroidManifest.xml:91:13-37
244
245        <activity
245-->[com.google.android.gms:play-services-ads-api:24.7.0] AndroidManifest.xml:94:9-98:43
246            android:name="com.google.android.gms.ads.OutOfContextTestingActivity"
246-->[com.google.android.gms:play-services-ads-api:24.7.0] AndroidManifest.xml:95:13-82
247            android:configChanges="keyboard|keyboardHidden|orientation|screenLayout|uiMode|screenSize|smallestScreenSize"
247-->[com.google.android.gms:play-services-ads-api:24.7.0] AndroidManifest.xml:96:13-122
248            android:exported="false" />
248-->[com.google.android.gms:play-services-ads-api:24.7.0] AndroidManifest.xml:97:13-37
249        <activity
249-->[com.google.android.gms:play-services-ads-api:24.7.0] AndroidManifest.xml:99:9-106:43
250            android:name="com.google.android.gms.ads.NotificationHandlerActivity"
250-->[com.google.android.gms:play-services-ads-api:24.7.0] AndroidManifest.xml:100:13-82
251            android:excludeFromRecents="true"
251-->[com.google.android.gms:play-services-ads-api:24.7.0] AndroidManifest.xml:101:13-46
252            android:exported="false"
252-->[com.google.android.gms:play-services-ads-api:24.7.0] AndroidManifest.xml:102:13-37
253            android:launchMode="singleTask"
253-->[com.google.android.gms:play-services-ads-api:24.7.0] AndroidManifest.xml:103:13-44
254            android:taskAffinity=""
254-->[com.google.android.gms:play-services-ads-api:24.7.0] AndroidManifest.xml:104:13-36
255            android:theme="@android:style/Theme.Translucent.NoTitleBar" />
255-->[com.google.android.gms:play-services-ads-api:24.7.0] AndroidManifest.xml:105:13-72
256
257        <meta-data
257-->[com.google.android.gms:play-services-ads-api:24.7.0] AndroidManifest.xml:108:9-110:36
258            android:name="com.google.android.gms.ads.flag.OPTIMIZE_AD_LOADING"
258-->[com.google.android.gms:play-services-ads-api:24.7.0] AndroidManifest.xml:109:13-79
259            android:value="true" />
259-->[com.google.android.gms:play-services-ads-api:24.7.0] AndroidManifest.xml:110:13-33
260        <meta-data
260-->[com.google.android.gms:play-services-ads-api:24.7.0] AndroidManifest.xml:111:9-113:36
261            android:name="com.google.android.gms.ads.flag.OPTIMIZE_INITIALIZATION"
261-->[com.google.android.gms:play-services-ads-api:24.7.0] AndroidManifest.xml:112:13-83
262            android:value="true" />
262-->[com.google.android.gms:play-services-ads-api:24.7.0] AndroidManifest.xml:113:13-33
263
264        <provider
264-->[androidx.emoji2:emoji2:1.2.0] AndroidManifest.xml:24:9-32:20
265            android:name="androidx.startup.InitializationProvider"